<?xml version="1.0" encoding="UTF-8"?>
<!-- Generated by org.testng.reporters.JUnitReportReporter -->
<testsuite hostname="LAPTOP-2P3PO75B" failures="0" tests="1" name="test.DashBoardPageTest" time="0.012" errors="0" timestamp="2022-06-24T13:00:02 IST" skipped="0">
  <testcase classname="test.DashBoardPageTest" name="buysharevalidation" time="0.012"/>
  <system-out/>
</testsuite> <!-- test.DashBoardPageTest -->
